Sat Mar 29 12:09:39 UTC 2025
Sun Mar 30 13:01:58 UTC 2025
Mon Mar 31 13:18:37 UTC 2025
Tue Apr  1 13:20:19 UTC 2025
Wed Apr  2 13:18:25 UTC 2025
Thu Apr  3 13:17:50 UTC 2025
Fri Apr  4 13:16:46 UTC 2025
Sat Apr  5 13:01:35 UTC 2025
Sun Apr  6 13:01:50 UTC 2025
Mon Apr  7 13:19:40 UTC 2025
Tue Apr  8 13:19:45 UTC 2025
Wed Apr  9 13:19:44 UTC 2025
Thu Apr 10 13:19:07 UTC 2025
Fri Apr 11 13:17:24 UTC 2025
Sat Apr 12 13:01:44 UTC 2025
Sun Apr 13 13:03:09 UTC 2025
Mon Apr 14 13:35:22 UTC 2025
Tue Apr 15 13:19:54 UTC 2025
Wed Apr 16 13:19:48 UTC 2025
Thu Apr 17 13:18:13 UTC 2025
Fri Apr 18 13:14:50 UTC 2025
